<?xml version="1.0" encoding="UTF-8"?>
<testng-results skipped="0" failed="0" total="1" passed="1">
  <reporter-output>
  </reporter-output>
  <suite name="Default suite" duration-ms="9946" started-at="2019-01-26T18:03:01Z" finished-at="2019-01-26T18:03:11Z">
    <groups>
    </groups>
    <test name="Default test" duration-ms="9946" started-at="2019-01-26T18:03:01Z" finished-at="2019-01-26T18:03:11Z">
      <class name="EXECUTION.SUITEOPERATIONS">
        <test-method status="PASS" signature="StartSuite()[pri:0, instance:EXECUTION.SUITEOPERATIONS@192b07fd]" name="StartSuite" duration-ms="9907" started-at="2019-01-26T23:33:01Z" finished-at="2019-01-26T23:33:11Z">
          <reporter-output>
          </reporter-output>
        </test-method> <!-- StartSuite -->
      </class> <!-- EXECUTION.SUITEOPERATIONS -->
    </test> <!-- Default test -->
  </suite> <!-- Default suite -->
</testng-results>
